Arguments: 
  /Users/mchierchia/.nvm/versions/node/v14.18.1/bin/node /usr/local/bin/yarn electron

PATH: 
  /Users/mchierchia/.nvm/versions/node/v14.18.1/bin:/Library/Java/JavaVirtualMachines/jdk1.8.0_221.jdk/Contents/Home/bin:/usr/local/bin:/usr/bin:/bin:/usr/sbin:/sbin:/usr/local/share/dotnet:/opt/X11/bin:~/.dotnet/tools:/Library/Apple/usr/bin:/Library/Frameworks/Mono.framework/Versions/Current/Commands:/Users/mchierchia/.nvm/versions/node/v14.18.1/bin:/Library/Java/JavaVirtualMachines/jdk1.8.0_221.jdk/Contents/Home/bin

Yarn version: 
  1.22.10

Node version: 
  14.18.1

Platform: 
  darwin x64

Trace: 
  SyntaxError: /Users/mchierchia/Desktop/PROJECTS/GAMES/Phaser/landmaster/client/package.json: Unexpected string in JSON at position 186
      at JSON.parse (<anonymous>)
      at /usr/local/lib/node_modules/yarn/lib/cli.js:1625:59
      at Generator.next (<anonymous>)
      at step (/usr/local/lib/node_modules/yarn/lib/cli.js:310:30)
      at /usr/local/lib/node_modules/yarn/lib/cli.js:321:13

npm manifest: 
  {
    "name": "phaser3-rollup-typescript",
    "version": "1.1.0",
    "description": "Phaser 3 TypeScript Starter",
    "main": "dist/index.js",
    "scripts": {
      "electron": "electron ."
      "dev": "vite",
      "build": "vite build",
      "serve": "vite preview"
    },
    "repository": {
      "type": "git",
      "url": "git+https://github.com/geocine/phaser3-rollup-typescript.git"
    },
    "author": "Aivan Monceller",
    "license": "MIT",
    "bugs": {
      "url": "https://github.com/geocine/phaser3-rollup-typescript/issues"
    },
    "homepage": "https://github.com/geocine/phaser3-rollup-typescript#readme",
    "devDependencies": {
      "@rollup/plugin-alias": "^3.1.9",
      "@rollup/plugin-commonjs": "^22.0.0",
      "@rollup/plugin-replace": "^4.0.0",
      "@types/node": "^17.0.31",
      "electron": "^21.0.0",
      "phaser": "^3.55.2",
      "typescript": "^4.6.4",
      "vite": "^2.9.8"
    }
  }

yarn manifest: 
  No manifest

Lockfile: 
  # THIS IS AN AUTOGENERATED FILE. DO NOT EDIT THIS FILE DIRECTLY.
  # yarn lockfile v1
  
  
  "@electron/get@^1.14.1":
    "integrity" "sha512-BrZYyL/6m0ZXz/lDxy/nlVhQz+WF+iPS6qXolEU8atw7h6v1aYkjwJZ63m+bJMBTxDE66X+r2tPS4a/8C82sZw=="
    "resolved" "https://registry.npmjs.org/@electron/get/-/get-1.14.1.tgz"
    "version" "1.14.1"
    dependencies:
      "debug" "^4.1.1"
      "env-paths" "^2.2.0"
      "fs-extra" "^8.1.0"
      "got" "^9.6.0"
      "progress" "^2.0.3"
      "semver" "^6.2.0"
      "sumchecker" "^3.0.1"
    optionalDependencies:
      "global-agent" "^3.0.0"
      "global-tunnel-ng" "^2.7.1"
  
  "@rollup/plugin-alias@^3.1.9":
    "integrity" "sha512-QI5fsEvm9bDzt32k39wpOwZhVzRcL5ydcffUHMyLVaVaLeC70I8TJZ17F1z1eMoLu4E/UOcH9BWVkKpIKdrfiw=="
    "resolved" "https://registry.npmjs.org/@rollup/plugin-alias/-/plugin-alias-3.1.9.tgz"
    "version" "3.1.9"
    dependencies:
      "slash" "^3.0.0"
  
  "@rollup/plugin-commonjs@^22.0.0":
    "integrity" "sha512-Ktvf2j+bAO+30awhbYoCaXpBcyPmJbaEUYClQns/+6SNCYFURbvBiNbWgHITEsIgDDWCDUclWRKEuf8cwZCFoQ=="
    "resolved" "https://registry.npmjs.org/@rollup/plugin-commonjs/-/plugin-commonjs-22.0.0.tgz"
    "version" "22.0.0"
    dependencies:
      "@rollup/pluginutils" "^3.1.0"
      "commondir" "^1.0.1"
      "estree-walker" "^2.0.1"
      "glob" "^7.1.6"
      "is-reference" "^1.2.1"
      "magic-string" "^0.25.7"
      "resolve" "^1.17.0"
  
  "@rollup/plugin-replace@^4.0.0":
    "integrity" "sha512-+rumQFiaNac9y64OHtkHGmdjm7us9bo1PlbgQfdihQtuNxzjpaB064HbRnewUOggLQxVCCyINfStkgmBeQpv1g=="
    "resolved" "https://registry.npmjs.org/@rollup/plugin-replace/-/plugin-replace-4.0.0.tgz"
    "version" "4.0.0"
    dependencies:
      "@rollup/pluginutils" "^3.1.0"
      "magic-string" "^0.25.7"
  
  "@rollup/pluginutils@^3.1.0":
    "integrity" "sha512-GksZ6pr6TpIjHm8h9lSQ8pi8BE9VeubNT0OMJ3B5uZJ8pz73NPiqOtCog/x2/QzM1ENChPKxMDhiQuRHsqc+lg=="
    "resolved" "https://registry.npmjs.org/@rollup/pluginutils/-/pluginutils-3.1.0.tgz"
    "version" "3.1.0"
    dependencies:
      "@types/estree" "0.0.39"
      "estree-walker" "^1.0.1"
      "picomatch" "^2.2.2"
  
  "@sindresorhus/is@^0.14.0":
    "integrity" "sha512-9NET910DNaIPngYnLLPeg+Ogzqsi9uM4mSboU5y6p8S5DzMTVEsJZrawi+BoDNUVBa2DhJqQYUFvMDfgU062LQ=="
    "resolved" "https://registry.npmjs.org/@sindresorhus/is/-/is-0.14.0.tgz"
    "version" "0.14.0"
  
  "@szmarczak/http-timer@^1.1.2":
    "integrity" "sha512-XIB2XbzHTN6ieIjfIMV9hlVcfPU26s2vafYWQcZHWXHOxiaRZYEDKEwdl129Zyg50+foYV2jCgtrqSA6qNuNSA=="
    "resolved" "https://registry.npmjs.org/@szmarczak/http-timer/-/http-timer-1.1.2.tgz"
    "version" "1.1.2"
    dependencies:
      "defer-to-connect" "^1.0.1"
  
  "@types/estree@*":
    "integrity" "sha512-laIjwTQaD+5DukBZaygQ79K1Z0jb1bPEMRrkXSLjtCcZm+abyp5YbrqpSLzD42FwWW6gK/aS4NYpJ804nG2brg=="
    "resolved" "https://registry.npmjs.org/@types/estree/-/estree-0.0.46.tgz"
    "version" "0.0.46"
  
  "@types/estree@0.0.39":
    "integrity" "sha512-EYNwp3bU+98cpU4lAWYYL7Zz+2gryWH1qbdDTidVd6hkiR6weksdbMadyXKXNPEkQFhXM+hVO9ZygomHXp+AIw=="
    "resolved" "https://registry.npmjs.org/@types/estree/-/estree-0.0.39.tgz"
    "version" "0.0.39"
  
  "@types/node@*", "@types/node@^17.0.31":
    "integrity" "sha512-AR0x5HbXGqkEx9CadRH3EBYx/VkiUgZIhP4wvPn/+5KIsgpNoyFaRlVe0Zlx9gRtg8fA06a9tskE2MSN7TcG4Q=="
    "resolved" "https://registry.npmjs.org/@types/node/-/node-17.0.31.tgz"
    "version" "17.0.31"
  
  "@types/node@^16.11.26":
    "integrity" "sha512-K/ggecSdwAAy2NUW4WKmF4Rc03GKbsfP+k326UWgckoS+Rzd2PaWbjk76dSmqdLQvLTJAO9axiTUJ6488mFsYQ=="
    "resolved" "https://registry.npmjs.org/@types/node/-/node-16.11.62.tgz"
    "version" "16.11.62"
  
  "@types/yauzl@^2.9.1":
    "integrity" "sha512-Cn6WYCm0tXv8p6k+A8PvbDG763EDpBoTzHdA+Q/MF6H3sapGjCm9NzoaJncJS9tUKSuCoDs9XHxYYsQDgxR6kw=="
    "resolved" "https://registry.npmjs.org/@types/yauzl/-/yauzl-2.10.0.tgz"
    "version" "2.10.0"
    dependencies:
      "@types/node" "*"
  
  "balanced-match@^1.0.0":
    "integrity" "sha1-ibTRmasr7kneFk6gK4nORi1xt2c="
    "resolved" "https://registry.npmjs.org/balanced-match/-/balanced-match-1.0.0.tgz"
    "version" "1.0.0"
  
  "boolean@^3.0.1":
    "integrity" "sha512-d0II/GO9uf9lfUHH2BQsjxzRJZBdsjgsBiW4BvhWk/3qoKwQFjIDVN19PfX8F2D/r9PCMTtLWjYVCFrpeYUzsw=="
    "resolved" "https://registry.npmjs.org/boolean/-/boolean-3.2.0.tgz"
    "version" "3.2.0"
  
  "brace-expansion@^1.1.7":
    "integrity" "sha512-iCuPHDFgrHX7H2vEI/5xpz07zSHB00TpugqhmYtVmMO6518mCuRMoOYFldEBl0g187ufozdaHgWKcYFb61qGiA=="
    "resolved" "https://registry.npmjs.org/brace-expansion/-/brace-expansion-1.1.11.tgz"
    "version" "1.1.11"
    dependencies:
      "balanced-match" "^1.0.0"
      "concat-map" "0.0.1"
  
  "buffer-crc32@~0.2.3":
    "integrity" "sha512-VO9Ht/+p3SN7SKWqcrgEzjGbRSJYTx+Q1pTQC0wrWqHx0vpJraQ6GtHx8tvcg1rlK1byhU5gccxgOgj7B0TDkQ=="
    "resolved" "https://registry.npmjs.org/buffer-crc32/-/buffer-crc32-0.2.13.tgz"
    "version" "0.2.13"
  
  "cacheable-request@^6.0.0":
    "integrity" "sha512-Oj3cAGPCqOZX7Rz64Uny2GYAZNliQSqfbePrgAQ1wKAihYmCUnraBtJtKcGR4xz7wF+LoJC+ssFZvv5BgF9Igg=="
    "resolved" "https://registry.npmjs.org/cacheable-request/-/cacheable-request-6.1.0.tgz"
    "version" "6.1.0"
    dependencies:
      "clone-response" "^1.0.2"
      "get-stream" "^5.1.0"
      "http-cache-semantics" "^4.0.0"
      "keyv" "^3.0.0"
      "lowercase-keys" "^2.0.0"
      "normalize-url" "^4.1.0"
      "responselike" "^1.0.2"
  
  "clone-response@^1.0.2":
    "integrity" "sha512-ROoL94jJH2dUVML2Y/5PEDNaSHgeOdSDicUyS7izcF63G6sTc/FTjLub4b8Il9S8S0beOfYt0TaA5qvFK+w0wA=="
    "resolved" "https://registry.npmjs.org/clone-response/-/clone-response-1.0.3.tgz"
    "version" "1.0.3"
    dependencies:
      "mimic-response" "^1.0.0"
  
  "commondir@^1.0.1":
    "integrity" "sha1-3dgA2gxmEnOTzKWVDqloo6rxJTs="
    "resolved" "https://registry.npmjs.org/commondir/-/commondir-1.0.1.tgz"
    "version" "1.0.1"
  
  "concat-map@0.0.1":
    "integrity" "sha1-2Klr13/Wjfd5OnMDajug1UBdR3s="
    "resolved" "https://registry.npmjs.org/concat-map/-/concat-map-0.0.1.tgz"
    "version" "0.0.1"
  
  "config-chain@^1.1.11":
    "integrity" "sha512-qj+f8APARXHrM0hraqXYb2/bOVSV4PvJQlNZ/DVj0QrmNM2q2euizkeuVckQ57J+W0mRH6Hvi+k50M4Jul2VRQ=="
    "resolved" "https://registry.npmjs.org/config-chain/-/config-chain-1.1.13.tgz"
    "version" "1.1.13"
    dependencies:
      "ini" "^1.3.4"
      "proto-list" "~1.2.1"
  
  "debug@^4.1.0", "debug@^4.1.1":
    "integrity" "sha512-PRWFHuSU3eDtQJPvnNY7Jcket1j0t5OuOsFzPPzsekD52Zl8qUfFIPEiswXqIvHWGVHOgX+7G/vCNNhehwxfkQ=="
    "resolved" "https://registry.npmjs.org/debug/-/debug-4.3.4.tgz"
    "version" "4.3.4"
    dependencies:
      "ms" "2.1.2"
  
  "decompress-response@^3.3.0":
    "integrity" "sha512-BzRPQuY1ip+qDonAOz42gRm/pg9F768C+npV/4JOsxRC2sq+Rlk+Q4ZCAsOhnIaMrgarILY+RMUIvMmmX1qAEA=="
    "resolved" "https://registry.npmjs.org/decompress-response/-/decompress-response-3.3.0.tgz"
    "version" "3.3.0"
    dependencies:
      "mimic-response" "^1.0.0"
  
  "defer-to-connect@^1.0.1":
    "integrity" "sha512-0ISdNousHvZT2EiFlZeZAHBUvSxmKswVCEf8hW7KWgG4a8MVEu/3Vb6uWYozkjylyCxe0JBIiRB1jV45S70WVQ=="
    "resolved" "https://registry.npmjs.org/defer-to-connect/-/defer-to-connect-1.1.3.tgz"
    "version" "1.1.3"
  
  "define-properties@^1.1.3":
    "integrity" "sha512-uckOqKcfaVvtBdsVkdPv3XjveQJsNQqmhXgRi8uhvWWuPYZCNlzT8qAyblUgNoXdHdjMTzAqeGjAoli8f+bzPA=="
    "resolved" "https://registry.npmjs.org/define-properties/-/define-properties-1.1.4.tgz"
    "version" "1.1.4"
    dependencies:
      "has-property-descriptors" "^1.0.0"
      "object-keys" "^1.1.1"
  
  "detect-node@^2.0.4":
    "integrity" "sha512-T0NIuQpnTvFDATNuHN5roPwSBG83rFsuO+MXXH9/3N1eFbn4wcPjttvjMLEPWJ0RGUYgQE7cGgS3tNxbqCGM7g=="
    "resolved" "https://registry.npmjs.org/detect-node/-/detect-node-2.1.0.tgz"
    "version" "2.1.0"
  
  "duplexer3@^0.1.4":
    "integrity" "sha512-1A8za6ws41LQgv9HrE/66jyC5yuSjQ3L/KOpFtoBilsAK2iA2wuS5rTt1OCzIvtS2V7nVmedsUU+DGRcjBmOYA=="
    "resolved" "https://registry.npmjs.org/duplexer3/-/duplexer3-0.1.5.tgz"
    "version" "0.1.5"
  
  "electron@^21.0.0":
    "integrity" "sha512-7HGxgaH0goYsq5m23rbLuKNwxOP4wS/JTNVTYt4n+a4sPkxI97Fcngh55pHaIvvMO3jKZ9yzll7L/D1dHwMdLA=="
    "resolved" "https://registry.npmjs.org/electron/-/electron-21.0.0.tgz"
    "version" "21.0.0"
    dependencies:
      "@electron/get" "^1.14.1"
      "@types/node" "^16.11.26"
      "extract-zip" "^2.0.1"
  
  "encodeurl@^1.0.2":
    "integrity" "sha512-TPJXq8JqFaVYm2CWmPvnP2Iyo4ZSM7/QKcSmuMLDObfpH5fi7RUGmd/rTDf+rut/saiDiQEeVTNgAmJEdAOx0w=="
    "resolved" "https://registry.npmjs.org/encodeurl/-/encodeurl-1.0.2.tgz"
    "version" "1.0.2"
  
  "end-of-stream@^1.1.0":
    "integrity" "sha512-+uw1inIHVPQoaVuHzRyXd21icM+cnt4CzD5rW+NC1wjOUSTOs+Te7FOv7AhN7vS9x/oIyhLP5PR1H+phQAHu5Q=="
    "resolved" "https://registry.npmjs.org/end-of-stream/-/end-of-stream-1.4.4.tgz"
    "version" "1.4.4"
    dependencies:
      "once" "^1.4.0"
  
  "env-paths@^2.2.0":
    "integrity" "sha512-+h1lkLKhZMTYjog1VEpJNG7NZJWcuc2DDk/qsqSTRRCOXiLjeQ1d1/udrUGhqMxUgAlwKNZ0cf2uqan5GLuS2A=="
    "resolved" "https://registry.npmjs.org/env-paths/-/env-paths-2.2.1.tgz"
    "version" "2.2.1"
  
  "es6-error@^4.1.1":
    "integrity" "sha512-Um/+FxMr9CISWh0bi5Zv0iOD+4cFh5qLeks1qhAopKVAJw3drgKbKySikp7wGhDL0HPeaja0P5ULZrxLkniUVg=="
    "resolved" "https://registry.npmjs.org/es6-error/-/es6-error-4.1.1.tgz"
    "version" "4.1.1"
  
  "esbuild-darwin-64@0.14.38":
    "integrity" "sha512-5JJvgXkX87Pd1Og0u/NJuO7TSqAikAcQQ74gyJ87bqWRVeouky84ICoV4sN6VV53aTW+NE87qLdGY4QA2S7KNA=="
    "resolved" "https://registry.npmjs.org/esbuild-darwin-64/-/esbuild-darwin-64-0.14.38.tgz"
    "version" "0.14.38"
  
  "esbuild@^0.14.27":
    "integrity" "sha512-12fzJ0fsm7gVZX1YQ1InkOE5f9Tl7cgf6JPYXRJtPIoE0zkWAbHdPHVPPaLi9tYAcEBqheGzqLn/3RdTOyBfcA=="
    "resolved" "https://registry.npmjs.org/esbuild/-/esbuild-0.14.38.tgz"
    "version" "0.14.38"
    optionalDependencies:
      "esbuild-android-64" "0.14.38"
      "esbuild-android-arm64" "0.14.38"
      "esbuild-darwin-64" "0.14.38"
      "esbuild-darwin-arm64" "0.14.38"
      "esbuild-freebsd-64" "0.14.38"
      "esbuild-freebsd-arm64" "0.14.38"
      "esbuild-linux-32" "0.14.38"
      "esbuild-linux-64" "0.14.38"
      "esbuild-linux-arm" "0.14.38"
      "esbuild-linux-arm64" "0.14.38"
      "esbuild-linux-mips64le" "0.14.38"
      "esbuild-linux-ppc64le" "0.14.38"
      "esbuild-linux-riscv64" "0.14.38"
      "esbuild-linux-s390x" "0.14.38"
      "esbuild-netbsd-64" "0.14.38"
      "esbuild-openbsd-64" "0.14.38"
      "esbuild-sunos-64" "0.14.38"
      "esbuild-windows-32" "0.14.38"
      "esbuild-windows-64" "0.14.38"
      "esbuild-windows-arm64" "0.14.38"
  
  "escape-string-regexp@^4.0.0":
    "integrity" "sha512-TtpcNJ3XAzx3Gq8sWRzJaVajRs0uVxA2YAkdb1jm2YkPz4G6egUFAyA3n5vtEIZefPk5Wa4UXbKuS5fKkJWdgA=="
    "resolved" "https://registry.npmjs.org/escape-string-regexp/-/escape-string-regexp-4.0.0.tgz"
    "version" "4.0.0"
  
  "estree-walker@^1.0.1":
    "integrity" "sha512-1fMXF3YP4pZZVozF8j/ZLfvnR8NSIljt56UhbZ5PeeDmmGHpgpdwQt7ITlGvYaQukCvuBRMLEiKiYC+oeIg4cg=="
    "resolved" "https://registry.npmjs.org/estree-walker/-/estree-walker-1.0.1.tgz"
    "version" "1.0.1"
  
  "estree-walker@^2.0.1":
    "integrity" "sha512-Rfkk/Mp/DL7JVje3u18FxFujQlTNR2q6QfMSMB7AvCBx91NGj/ba3kCfza0f6dVDbw7YlRf/nDrn7pQrCCyQ/w=="
    "resolved" "https://registry.npmjs.org/estree-walker/-/estree-walker-2.0.2.tgz"
    "version" "2.0.2"
  
  "eventemitter3@^4.0.7":
    "integrity" "sha512-8guHBZCwKnFhYdHr2ysuRWErTwhoN2X8XELRlrRwpmfeY2jjuUN4taQMsULKUVo1K4DvZl+0pgfyoysHxvmvEw=="
    "resolved" "https://registry.npmjs.org/eventemitter3/-/eventemitter3-4.0.7.tgz"
    "version" "4.0.7"
  
  "extract-zip@^2.0.1":
    "integrity" "sha512-GDhU9ntwuKyGXdZBUgTIe+vXnWj0fppUEtMDL0+idd5Sta8TGpHssn/eusA9mrPr9qNDym6SxAYZjNvCn/9RBg=="
    "resolved" "https://registry.npmjs.org/extract-zip/-/extract-zip-2.0.1.tgz"
    "version" "2.0.1"
    dependencies:
      "debug" "^4.1.1"
      "get-stream" "^5.1.0"
      "yauzl" "^2.10.0"
    optionalDependencies:
      "@types/yauzl" "^2.9.1"
  
  "fd-slicer@~1.1.0":
    "integrity" "sha512-cE1qsB/VwyQozZ+q1dGxR8LBYNZeofhEdUNGSMbQD3Gw2lAzX9Zb3uIU6Ebc/Fmyjo9AWWfnn0AUCHqtevs/8g=="
    "resolved" "https://registry.npmjs.org/fd-slicer/-/fd-slicer-1.1.0.tgz"
    "version" "1.1.0"
    dependencies:
      "pend" "~1.2.0"
  
  "fs-extra@^8.1.0":
    "integrity" "sha512-yhlQgA6mnOJUKOsRUFsgJdQCvkKhcz8tlZG5HBQfReYZy46OwLcY+Zia0mtdHsOo9y/hP+CxMN0TU9QxoOtG4g=="
    "resolved" "https://registry.npmjs.org/fs-extra/-/fs-extra-8.1.0.tgz"
    "version" "8.1.0"
    dependencies:
      "graceful-fs" "^4.2.0"
      "jsonfile" "^4.0.0"
      "universalify" "^0.1.0"
  
  "fs.realpath@^1.0.0":
    "integrity" "sha1-FQStJSMVjKpA20onh8sBQRmU6k8="
    "resolved" "https://registry.npmjs.org/fs.realpath/-/fs.realpath-1.0.0.tgz"
    "version" "1.0.0"
  
  "fsevents@~2.3.2":
    "integrity" "sha512-xiqMQR4xAeHTuB9uWm+fFRcIOgKBMiOBP+eXiyT7jsgVCq1bkVygt00oASowB7EdtpOHaaPgKt812P9ab+DDKA=="
    "resolved" "https://registry.npmjs.org/fsevents/-/fsevents-2.3.2.tgz"
    "version" "2.3.2"
  
  "function-bind@^1.1.1":
    "integrity" "sha512-yIovAzMX49sF8Yl58fSCWJ5svSLuaibPxXQJFLmBObTuCr0Mf1KiPopGM9NiFjiYBCbfaa2Fh6breQ6ANVTI0A=="
    "resolved" "https://registry.npmjs.org/function-bind/-/function-bind-1.1.1.tgz"
    "version" "1.1.1"
  
  "get-intrinsic@^1.1.1":
    "integrity" "sha512-QJVz1Tj7MS099PevUG5jvnt9tSkXN8K14dxQlikJuPt4uD9hHAHjLyLBiLR5zELelBdD9QNRAXZzsJx0WaDL9A=="
    "resolved" "https://registry.npmjs.org/get-intrinsic/-/get-intrinsic-1.1.3.tgz"
    "version" "1.1.3"
    dependencies:
      "function-bind" "^1.1.1"
      "has" "^1.0.3"
      "has-symbols" "^1.0.3"
  
  "get-stream@^4.1.0":
    "integrity" "sha512-GMat4EJ5161kIy2HevLlr4luNjBgvmj413KaQA7jt4V8B4RDsfpHk7WQ9GVqfYyyx8OS/L66Kox+rJRNklLK7w=="
    "resolved" "https://registry.npmjs.org/get-stream/-/get-stream-4.1.0.tgz"
    "version" "4.1.0"
    dependencies:
      "pump" "^3.0.0"
  
  "get-stream@^5.1.0":
    "integrity" "sha512-nBF+F1rAZVCu/p7rjzgA+Yb4lfYXrpl7a6VmJrU8wF9I1CKvP/QwPNZHnOlwbTkY6dvtFIzFMSyQXbLoTQPRpA=="
    "resolved" "https://registry.npmjs.org/get-stream/-/get-stream-5.2.0.tgz"
    "version" "5.2.0"
    dependencies:
      "pump" "^3.0.0"
  
  "glob@^7.1.6":
    "integrity" "sha512-LwaxwyZ72Lk7vZINtNNrywX0ZuLyStrdDtabefZKAY5ZGJhVtgdznluResxNmPitE0SAO+O26sWTHeKSI2wMBA=="
    "resolved" "https://registry.npmjs.org/glob/-/glob-7.1.6.tgz"
    "version" "7.1.6"
    dependencies:
      "fs.realpath" "^1.0.0"
      "inflight" "^1.0.4"
      "inherits" "2"
      "minimatch" "^3.0.4"
      "once" "^1.3.0"
      "path-is-absolute" "^1.0.0"
  
  "global-agent@^3.0.0":
    "integrity" "sha512-PT6XReJ+D07JvGoxQMkT6qji/jVNfX/h364XHZOWeRzy64sSFr+xJ5OX7LI3b4MPQzdL4H8Y8M0xzPpsVMwA8Q=="
    "resolved" "https://registry.npmjs.org/global-agent/-/global-agent-3.0.0.tgz"
    "version" "3.0.0"
    dependencies:
      "boolean" "^3.0.1"
      "es6-error" "^4.1.1"
      "matcher" "^3.0.0"
      "roarr" "^2.15.3"
      "semver" "^7.3.2"
      "serialize-error" "^7.0.1"
  
  "global-tunnel-ng@^2.7.1":
    "integrity" "sha512-4s+DyciWBV0eK148wqXxcmVAbFVPqtc3sEtUE/GTQfuU80rySLcMhUmHKSHI7/LDj8q0gDYI1lIhRRB7ieRAqg=="
    "resolved" "https://registry.npmjs.org/global-tunnel-ng/-/global-tunnel-ng-2.7.1.tgz"
    "version" "2.7.1"
    dependencies:
      "encodeurl" "^1.0.2"
      "lodash" "^4.17.10"
      "npm-conf" "^1.1.3"
      "tunnel" "^0.0.6"
  
  "globalthis@^1.0.1":
    "integrity" "sha512-sFdI5LyBiNTHjRd7cGPWapiHWMOXKyuBNX/cWJ3NfzrZQVa8GI/8cofCl74AOVqq9W5kNmguTIzJ/1s2gyI9wA=="
    "resolved" "https://registry.npmjs.org/globalthis/-/globalthis-1.0.3.tgz"
    "version" "1.0.3"
    dependencies:
      "define-properties" "^1.1.3"
  
  "got@^9.6.0":
    "integrity" "sha512-R7eWptXuGYxwijs0eV+v3o6+XH1IqVK8dJOEecQfTmkncw9AV4dcw/Dhxi8MdlqPthxxpZyizMzyg8RTmEsG+Q=="
    "resolved" "https://registry.npmjs.org/got/-/got-9.6.0.tgz"
    "version" "9.6.0"
    dependencies:
      "@sindresorhus/is" "^0.14.0"
      "@szmarczak/http-timer" "^1.1.2"
      "cacheable-request" "^6.0.0"
      "decompress-response" "^3.3.0"
      "duplexer3" "^0.1.4"
      "get-stream" "^4.1.0"
      "lowercase-keys" "^1.0.1"
      "mimic-response" "^1.0.1"
      "p-cancelable" "^1.0.0"
      "to-readable-stream" "^1.0.0"
      "url-parse-lax" "^3.0.0"
  
  "graceful-fs@^4.1.6", "graceful-fs@^4.2.0":
    "integrity" "sha512-9ByhssR2fPVsNZj478qUUbKfmL0+t5BDVyjShtyZZLiK7ZDAArFFfopyOTj0M05wE2tJPisA4iTnnXl2YoPvOA=="
    "resolved" "https://registry.npmjs.org/graceful-fs/-/graceful-fs-4.2.10.tgz"
    "version" "4.2.10"
  
  "has-property-descriptors@^1.0.0":
    "integrity" "sha512-62DVLZGoiEBDHQyqG4w9xCuZ7eJEwNmJRWw2VY84Oedb7WFcA27fiEVe8oUQx9hAUJ4ekurquucTGwsyO1XGdQ=="
    "resolved" "https://registry.npmjs.org/has-property-descriptors/-/has-property-descriptors-1.0.0.tgz"
    "version" "1.0.0"
    dependencies:
      "get-intrinsic" "^1.1.1"
  
  "has-symbols@^1.0.3":
    "integrity" "sha512-l3LCuF6MgDNwTDKkdYGEihYjt5pRPbEg46rtlmnSPlUbgmB8LOIrKJbYYFBSbnPaJexMKtiPO8hmeRjRz2Td+A=="
    "resolved" "https://registry.npmjs.org/has-symbols/-/has-symbols-1.0.3.tgz"
    "version" "1.0.3"
  
  "has@^1.0.3":
    "integrity" "sha512-f2dvO0VU6Oej7RkWJGrehjbzMAjFp5/VKPp5tTpWIV4JHHZK1/BxbFRtf/siA2SWTe09caDmVtYYzWEIbBS4zw=="
    "resolved" "https://registry.npmjs.org/has/-/has-1.0.3.tgz"
    "version" "1.0.3"
    dependencies:
      "function-bind" "^1.1.1"
  
  "http-cache-semantics@^4.0.0":
    "integrity" "sha512-carPklcUh7ROWRK7Cv27RPtdhYhUsela/ue5/jKzjegVvXDqM2ILE9Q2BGn9JZJh1g87cp56su/FgQSzcWS8cQ=="
    "resolved" "https://registry.npmjs.org/http-cache-semantics/-/http-cache-semantics-4.1.0.tgz"
    "version" "4.1.0"
  
  "inflight@^1.0.4":
    "integrity" "sha1-Sb1jMdfQLQwJvJEKEHW6gWW1bfk="
    "resolved" "https://registry.npmjs.org/inflight/-/inflight-1.0.6.tgz"
    "version" "1.0.6"
    dependencies:
      "once" "^1.3.0"
      "wrappy" "1"
  
  "inherits@2.0.3":
    "integrity" "sha1-Yzwsg+PaQqUC9SRmAiSA9CCCYd4="
    "resolved" "https://registry.npmjs.org/inherits/-/inherits-2.0.3.tgz"
    "version" "2.0.3"
  
  "inherits@2":
    "integrity" "sha512-k/vGaX4/Yla3WzyMCvTQOXYeIHvqOKtnqBduzTHpzpQZzAskKMhZ2K+EnBiSM9zGSoIFeMpXKxa4dYeZIQqewQ=="
    "resolved" "https://registry.npmjs.org/inherits/-/inherits-2.0.4.tgz"
    "version" "2.0.4"
  
  "ini@^1.3.4":
    "integrity" "sha512-JV/yugV2uzW5iMRSiZAyDtQd+nxtUnjeLt0acNdw98kKLrvuRVyB80tsREOE7yvGVgalhZ6RNXCmEHkUKBKxew=="
    "resolved" "https://registry.npmjs.org/ini/-/ini-1.3.8.tgz"
    "version" "1.3.8"
  
  "is-core-module@^2.2.0":
    "integrity" "sha512-XRAfAdyyY5F5cOXn7hYQDqh2Xmii+DEfIcQGxK/uNwMHhIkPWO0g8msXcbzLe+MpGoR951MlqM/2iIlU4vKDdQ=="
    "resolved" "https://registry.npmjs.org/is-core-module/-/is-core-module-2.2.0.tgz"
    "version" "2.2.0"
    dependencies:
      "has" "^1.0.3"
  
  "is-core-module@^2.8.1":
    "integrity" "sha512-+5FPy5PnwmO3lvfMb0AsoPaBG+5KHUI0wYFXOtYPnVVVspTFUuMZNfNaNVRt3FZadstu2c8x23vykRW/NBoU6A=="
    "resolved" "https://registry.npmjs.org/is-core-module/-/is-core-module-2.9.0.tgz"
    "version" "2.9.0"
    dependencies:
      "has" "^1.0.3"
  
  "is-reference@^1.2.1":
    "integrity" "sha512-U82MsXXiFIrjCK4otLT+o2NA2Cd2g5MLoOVXUZjIOhLurrRxpEXzI8O0KZHr3IjLvlAH1kTPYSuqer5T9ZVBKQ=="
    "resolved" "https://registry.npmjs.org/is-reference/-/is-reference-1.2.1.tgz"
    "version" "1.2.1"
    dependencies:
      "@types/estree" "*"
  
  "json-buffer@3.0.0":
    "integrity" "sha512-CuUqjv0FUZIdXkHPI8MezCnFCdaTAacej1TZYulLoAg1h/PhwkdXFN4V/gzY4g+fMBCOV2xF+rp7t2XD2ns/NQ=="
    "resolved" "https://registry.npmjs.org/json-buffer/-/json-buffer-3.0.0.tgz"
    "version" "3.0.0"
  
  "json-stringify-safe@^5.0.1":
    "integrity" "sha512-ZClg6AaYvamvYEE82d3Iyd3vSSIjQ+odgjaTzRuO3s7toCdFKczob2i0zCh7JE8kWn17yvAWhUVxvqGwUalsRA=="
    "resolved" "https://registry.npmjs.org/json-stringify-safe/-/json-stringify-safe-5.0.1.tgz"
    "version" "5.0.1"
  
  "jsonfile@^4.0.0":
    "integrity" "sha512-m6F1R3z8jjlf2imQHS2Qez5sjKWQzbuuhuJ/FKYFRZvPE3PuHcSMVZzfsLhGVOkfd20obL5SWEBew5ShlquNxg=="
    "resolved" "https://registry.npmjs.org/jsonfile/-/jsonfile-4.0.0.tgz"
    "version" "4.0.0"
    optionalDependencies:
      "graceful-fs" "^4.1.6"
  
  "keyv@^3.0.0":
    "integrity" "sha512-9ykJ/46SN/9KPM/sichzQ7OvXyGDYKGTaDlKMGCAlg2UK8KRy4jb0d8sFc+0Tt0YYnThq8X2RZgCg74RPxgcVA=="
    "resolved" "https://registry.npmjs.org/keyv/-/keyv-3.1.0.tgz"
    "version" "3.1.0"
    dependencies:
      "json-buffer" "3.0.0"
  
  "lodash@^4.17.10":
    "integrity" "sha512-v2kDEe57lecTulaDIuNTPy3Ry4gLGJ6Z1O3vE1krgXZNrsQ+LFTGHVxVjcXPs17LhbZVGedAJv8XZ1tvj5FvSg=="
    "resolved" "https://registry.npmjs.org/lodash/-/lodash-4.17.21.tgz"
    "version" "4.17.21"
  
  "lowercase-keys@^1.0.0", "lowercase-keys@^1.0.1":
    "integrity" "sha512-G2Lj61tXDnVFFOi8VZds+SoQjtQC3dgokKdDG2mTm1tx4m50NUHBOZSBwQQHyy0V12A0JTG4icfZQH+xPyh8VA=="
    "resolved" "https://registry.npmjs.org/lowercase-keys/-/lowercase-keys-1.0.1.tgz"
    "version" "1.0.1"
  
  "lowercase-keys@^2.0.0":
    "integrity" "sha512-tqNXrS78oMOE73NMxK4EMLQsQowWf8jKooH9g7xPavRT706R6bkQJ6DY2Te7QukaZsulxa30wQ7bk0pm4XiHmA=="
    "resolved" "https://registry.npmjs.org/lowercase-keys/-/lowercase-keys-2.0.0.tgz"
    "version" "2.0.0"
  
  "lru-cache@^6.0.0":
    "integrity" "sha512-Jo6dJ04CmSjuznwJSS3pUeWmd/H0ffTlkXXgwZi+eq1UCmqQwCh+eLsYOYCwY991i2Fah4h1BEMCx4qThGbsiA=="
    "resolved" "https://registry.npmjs.org/lru-cache/-/lru-cache-6.0.0.tgz"
    "version" "6.0.0"
    dependencies:
      "yallist" "^4.0.0"
  
  "magic-string@^0.25.7":
    "integrity" "sha512-4CrMT5DOHTDk4HYDlzmwu4FVCcIYI8gauveasrdCu2IKIFOJ3f0v/8MDGJCDL9oD2ppz/Av1b0Nj345H9M+XIA=="
    "resolved" "https://registry.npmjs.org/magic-string/-/magic-string-0.25.7.tgz"
    "version" "0.25.7"
    dependencies:
      "sourcemap-codec" "^1.4.4"
  
  "matcher@^3.0.0":
    "integrity" "sha512-OkeDaAZ/bQCxeFAozM55PKcKU0yJMPGifLwV4Qgjitu+5MoAfSQN4lsLJeXZ1b8w0x+/Emda6MZgXS1jvsapng=="
    "resolved" "https://registry.npmjs.org/matcher/-/matcher-3.0.0.tgz"
    "version" "3.0.0"
    dependencies:
      "escape-string-regexp" "^4.0.0"
  
  "mimic-response@^1.0.0", "mimic-response@^1.0.1":
    "integrity" "sha512-j5EctnkH7amfV/q5Hgmoal1g2QHFJRraOtmx0JpIqkxhBhI/lJSl1nMpQ45hVarwNETOoWEimndZ4QK0RHxuxQ=="
    "resolved" "https://registry.npmjs.org/mimic-response/-/mimic-response-1.0.1.tgz"
    "version" "1.0.1"
  
  "minimatch@^3.0.4":
    "integrity" "sha512-yJHVQEhyqPLUTgt9B83PXu6W3rx4MvvHvSUvToogpwoGDOUQ+yDrR0HRot+yOCdCO7u4hX3pWft6kWBBcqh0UA=="
    "resolved" "https://registry.npmjs.org/minimatch/-/minimatch-3.0.4.tgz"
    "version" "3.0.4"
    dependencies:
      "brace-expansion" "^1.1.7"
  
  "ms@2.1.2":
    "integrity" "sha512-sGkPx+VjMtmA6MX27oA4FBFELFCZZ4S4XqeGOXCv68tT+jb3vk/RyaKWP0PTKyWtmLSM0b+adUTEvbs1PEaH2w=="
    "resolved" "https://registry.npmjs.org/ms/-/ms-2.1.2.tgz"
    "version" "2.1.2"
  
  "nanoid@^3.3.3":
    "integrity" "sha512-MqBkQh/OHTS2egovRtLk45wEyNXwF+cokD+1YPf9u5VfJiRdAiRwB2froX5Co9Rh20xs4siNPm8naNotSD6RBw=="
    "resolved" "https://registry.npmjs.org/nanoid/-/nanoid-3.3.4.tgz"
    "version" "3.3.4"
  
  "normalize-url@^4.1.0":
    "integrity" "sha512-9UZCFRHQdNrfTpGg8+1INIg93B6zE0aXMVFkw1WFwvO4SlZywU6aLg5Of0Ap/PgcbSw4LNxvMWXMeugwMCX0AA=="
    "resolved" "https://registry.npmjs.org/normalize-url/-/normalize-url-4.5.1.tgz"
    "version" "4.5.1"
  
  "npm-conf@^1.1.3":
    "integrity" "sha512-Yic4bZHJOt9RCFbRP3GgpqhScOY4HH3V2P8yBj6CeYq118Qr+BLXqT2JvpJ00mryLESpgOxf5XlFv4ZjXxLScw=="
    "resolved" "https://registry.npmjs.org/npm-conf/-/npm-conf-1.1.3.tgz"
    "version" "1.1.3"
    dependencies:
      "config-chain" "^1.1.11"
      "pify" "^3.0.0"
  
  "object-keys@^1.1.1":
    "integrity" "sha512-NuAESUOUMrlIXOfHKzD6bpPu3tYt3xvjNdRIQ+FeT0lNb4K8WR70CaDxhuNguS2XG+GjkyMwOzsN5ZktImfhLA=="
    "resolved" "https://registry.npmjs.org/object-keys/-/object-keys-1.1.1.tgz"
    "version" "1.1.1"
  
  "once@^1.3.0", "once@^1.3.1", "once@^1.4.0":
    "integrity" "sha1-WDsap3WWHUsROsF9nFC6753Xa9E="
    "resolved" "https://registry.npmjs.org/once/-/once-1.4.0.tgz"
    "version" "1.4.0"
    dependencies:
      "wrappy" "1"
  
  "p-cancelable@^1.0.0":
    "integrity" "sha512-s73XxOZ4zpt1edZYZzvhqFa6uvQc1vwUa0K0BdtIZgQMAJj9IbebH+JkgKZc9h+B05PKHLOTl4ajG1BmNrVZlw=="
    "resolved" "https://registry.npmjs.org/p-cancelable/-/p-cancelable-1.1.0.tgz"
    "version" "1.1.0"
  
  "path-is-absolute@^1.0.0":
    "integrity" "sha1-F0uSaHNVNP+8es5r9TpanhtcX18="
    "resolved" "https://registry.npmjs.org/path-is-absolute/-/path-is-absolute-1.0.1.tgz"
    "version" "1.0.1"
  
  "path-parse@^1.0.6", "path-parse@^1.0.7":
    "integrity" "sha512-LDJzPVEEEPR+y48z93A0Ed0yXb8pAByGWo/k5YYdYgpY2/2EsOsksJrq7lOHxryrVOn1ejG6oAp8ahvOIQD8sw=="
    "resolved" "https://registry.npmjs.org/path-parse/-/path-parse-1.0.7.tgz"
    "version" "1.0.7"
  
  "path@^0.12.7":
    "integrity" "sha1-1NwqUGxM4hl+tIHr/NWzbAFAsQ8="
    "resolved" "https://registry.npmjs.org/path/-/path-0.12.7.tgz"
    "version" "0.12.7"
    dependencies:
      "process" "^0.11.1"
      "util" "^0.10.3"
  
  "pend@~1.2.0":
    "integrity" "sha512-F3asv42UuXchdzt+xXqfW1OGlVBe+mxa2mqI0pg5yAHZPvFmY3Y6drSf/GQ1A86WgWEN9Kzh/WrgKa6iGcHXLg=="
    "resolved" "https://registry.npmjs.org/pend/-/pend-1.2.0.tgz"
    "version" "1.2.0"
  
  "phaser@^3.55.2":
    "integrity" "sha512-amKXsbb2Ht29dGPKvt1edq3yGGYKtq8373GpJYGKPNPnneYY6MtVTOgjHDuZwtmUyK4v86FugkT3hzW/N4tjxQ=="
    "resolved" "https://registry.npmjs.org/phaser/-/phaser-3.55.2.tgz"
    "version" "3.55.2"
    dependencies:
      "eventemitter3" "^4.0.7"
      "path" "^0.12.7"
  
  "picocolors@^1.0.0":
    "integrity" "sha512-1fygroTLlHu66zi26VoTDv8yRgm0Fccecssto+MhsZ0D/DGW2sm8E8AjW7NU5VVTRt5GxbeZ5qBuJr+HyLYkjQ=="
    "resolved" "https://registry.npmjs.org/picocolors/-/picocolors-1.0.0.tgz"
    "version" "1.0.0"
  
  "picomatch@^2.2.2":
    "integrity" "sha512-JU3teHTNjmE2VCGFzuY8EXzCDVwEqB2a8fsIvwaStHhAWJEeVd1o1QD80CU6+ZdEXXSLbSsuLwJjkCBWqRQUVA=="
    "resolved" "https://registry.npmjs.org/picomatch/-/picomatch-2.3.1.tgz"
    "version" "2.3.1"
  
  "pify@^3.0.0":
    "integrity" "sha512-C3FsVNH1udSEX48gGX1xfvwTWfsYWj5U+8/uK15BGzIGrKoUpghX8hWZwa/OFnakBiiVNmBvemTJR5mcy7iPcg=="
    "resolved" "https://registry.npmjs.org/pify/-/pify-3.0.0.tgz"
    "version" "3.0.0"
  
  "postcss@^8.4.13":
    "integrity" "sha512-jtL6eTBrza5MPzy8oJLFuUscHDXTV5KcLlqAWHl5q5WYRfnNRGSmOZmOZ1T6Gy7A99mOZfqungmZMpMmCVJ8ZA=="
    "resolved" "https://registry.npmjs.org/postcss/-/postcss-8.4.13.tgz"
    "version" "8.4.13"
    dependencies:
      "nanoid" "^3.3.3"
      "picocolors" "^1.0.0"
      "source-map-js" "^1.0.2"
  
  "prepend-http@^2.0.0":
    "integrity" "sha512-ravE6m9Atw9Z/jjttRUZ+clIXogdghyZAuWJ3qEzjT+jI/dL1ifAqhZeC5VHzQp1MSt1+jxKkFNemj/iO7tVUA=="
    "resolved" "https://registry.npmjs.org/prepend-http/-/prepend-http-2.0.0.tgz"
    "version" "2.0.0"
  
  "process@^0.11.1":
    "integrity" "sha1-czIwDoQBYb2j5podHZGn1LwW8YI="
    "resolved" "https://registry.npmjs.org/process/-/process-0.11.10.tgz"
    "version" "0.11.10"
  
  "progress@^2.0.3":
    "integrity" "sha512-7PiHtLll5LdnKIMw100I+8xJXR5gW2QwWYkT6iJva0bXitZKa/XMrSbdmg3r2Xnaidz9Qumd0VPaMrZlF9V9sA=="
    "resolved" "https://registry.npmjs.org/progress/-/progress-2.0.3.tgz"
    "version" "2.0.3"
  
  "proto-list@~1.2.1":
    "integrity" "sha512-vtK/94akxsTMhe0/cbfpR+syPuszcuwhqVjJq26CuNDgFGj682oRBXOP5MJpv2r7JtE8MsiepGIqvvOTBwn2vA=="
    "resolved" "https://registry.npmjs.org/proto-list/-/proto-list-1.2.4.tgz"
    "version" "1.2.4"
  
  "pump@^3.0.0":
    "integrity" "sha512-LwZy+p3SFs1Pytd/jYct4wpv49HiYCqd9Rlc5ZVdk0V+8Yzv6jR5Blk3TRmPL1ft69TxP0IMZGJ+WPFU2BFhww=="
    "resolved" "https://registry.npmjs.org/pump/-/pump-3.0.0.tgz"
    "version" "3.0.0"
    dependencies:
      "end-of-stream" "^1.1.0"
      "once" "^1.3.1"
  
  "resolve@^1.17.0":
    "integrity" "sha512-wENBPt4ySzg4ybFQW2TT1zMQucPK95HSh/nq2CFTZVOGut2+pQvSsgtda4d26YrYcr067wjbmzOG8byDPBX63A=="
    "resolved" "https://registry.npmjs.org/resolve/-/resolve-1.20.0.tgz"
    "version" "1.20.0"
    dependencies:
      "is-core-module" "^2.2.0"
      "path-parse" "^1.0.6"
  
  "resolve@^1.22.0":
    "integrity" "sha512-Hhtrw0nLeSrFQ7phPp4OOcVjLPIeMnRlr5mcnVuMe7M/7eBn98A3hmFRLoFo3DLZkivSYwhRUJTyPyWAk56WLw=="
    "resolved" "https://registry.npmjs.org/resolve/-/resolve-1.22.0.tgz"
    "version" "1.22.0"
    dependencies:
      "is-core-module" "^2.8.1"
      "path-parse" "^1.0.7"
      "supports-preserve-symlinks-flag" "^1.0.0"
  
  "responselike@^1.0.2":
    "integrity" "sha512-/Fpe5guzJk1gPqdJLJR5u7eG/gNY4nImjbRDaVWVMRhne55TCmj2i9Q+54PBRfatRC8v/rIiv9BN0pMd9OV5EQ=="
    "resolved" "https://registry.npmjs.org/responselike/-/responselike-1.0.2.tgz"
    "version" "1.0.2"
    dependencies:
      "lowercase-keys" "^1.0.0"
  
  "roarr@^2.15.3":
    "integrity" "sha512-CHhPh+UNHD2GTXNYhPWLnU8ONHdI+5DI+4EYIAOaiD63rHeYlZvyh8P+in5999TTSFgUYuKUAjzRI4mdh/p+2A=="
    "resolved" "https://registry.npmjs.org/roarr/-/roarr-2.15.4.tgz"
    "version" "2.15.4"
    dependencies:
      "boolean" "^3.0.1"
      "detect-node" "^2.0.4"
      "globalthis" "^1.0.1"
      "json-stringify-safe" "^5.0.1"
      "semver-compare" "^1.0.0"
      "sprintf-js" "^1.1.2"
  
  "rollup@^1.20.0 || ^2.0.0", "rollup@^1.20.0||^2.0.0", "rollup@^2.59.0", "rollup@^2.68.0":
    "integrity" "sha512-uKxbd0IhMZOhjAiD5oAFp7BqvkA4Dv47qpOCtaNvng4HBwdbWtdOh8f5nZNuk2rp51PMGk3bzfWu5oayNEuYnw=="
    "resolved" "https://registry.npmjs.org/rollup/-/rollup-2.79.1.tgz"
    "version" "2.79.1"
    optionalDependencies:
      "fsevents" "~2.3.2"
  
  "semver-compare@^1.0.0":
    "integrity" "sha512-YM3/ITh2MJ5MtzaM429anh+x2jiLVjqILF4m4oyQB18W7Ggea7BfqdH/wGMK7dDiMghv/6WG7znWMwUDzJiXow=="
    "resolved" "https://registry.npmjs.org/semver-compare/-/semver-compare-1.0.0.tgz"
    "version" "1.0.0"
  
  "semver@^6.2.0":
    "integrity" "sha512-b39TBaTSfV6yBrapU89p5fKekE2m/NwnDocOVruQFS1/veMgdzuPcnOM34M6CwxW8jH/lxEa5rBoDeUwu5HHTw=="
    "resolved" "https://registry.npmjs.org/semver/-/semver-6.3.0.tgz"
    "version" "6.3.0"
  
  "semver@^7.3.2":
    "integrity" "sha512-QlYTucUYOews+WeEujDoEGziz4K6c47V/Bd+LjSSYcA94p+DmINdf7ncaUinThfvZyu13lN9OY1XDxt8C0Tw0g=="
    "resolved" "https://registry.npmjs.org/semver/-/semver-7.3.7.tgz"
    "version" "7.3.7"
    dependencies:
      "lru-cache" "^6.0.0"
  
  "serialize-error@^7.0.1":
    "integrity" "sha512-8I8TjW5KMOKsZQTvoxjuSIa7foAwPWGOts+6o7sgjz41/qMD9VQHEDxi6PBvK2l0MXUmqZyNpUK+T2tQaaElvw=="
    "resolved" "https://registry.npmjs.org/serialize-error/-/serialize-error-7.0.1.tgz"
    "version" "7.0.1"
    dependencies:
      "type-fest" "^0.13.1"
  
  "slash@^3.0.0":
    "integrity" "sha512-g9Q1haeby36OSStwb4ntCGGGaKsaVSjQ68fBxoQcutl5fS1vuY18H3wSt3jFyFtrkx+Kz0V1G85A4MyAdDMi2Q=="
    "resolved" "https://registry.npmjs.org/slash/-/slash-3.0.0.tgz"
    "version" "3.0.0"
  
  "source-map-js@^1.0.2":
    "integrity" "sha512-R0XvVJ9WusLiqTCEiGCmICCMplcCkIwwR11mOSD9CR5u+IXYdiseeEuXCVAjS54zqwkLcPNnmU4OeJ6tUrWhDw=="
    "resolved" "https://registry.npmjs.org/source-map-js/-/source-map-js-1.0.2.tgz"
    "version" "1.0.2"
  
  "sourcemap-codec@^1.4.4":
    "integrity" "sha512-9NykojV5Uih4lgo5So5dtw+f0JgJX30KCNI8gwhz2J9A15wD0Ml6tjHKwf6fTSa6fAdVBdZeNOs9eJ71qCk8vA=="
    "resolved" "https://registry.npmjs.org/sourcemap-codec/-/sourcemap-codec-1.4.8.tgz"
    "version" "1.4.8"
  
  "sprintf-js@^1.1.2":
    "integrity" "sha512-VE0SOVEHCk7Qc8ulkWw3ntAzXuqf7S2lvwQaDLRnUeIEaKNQJzV6BwmLKhOqT61aGhfUMrXeaBk+oDGCzvhcug=="
    "resolved" "https://registry.npmjs.org/sprintf-js/-/sprintf-js-1.1.2.tgz"
    "version" "1.1.2"
  
  "sumchecker@^3.0.1":
    "integrity" "sha512-MvjXzkz/BOfyVDkG0oFOtBxHX2u3gKbMHIF/dXblZsgD3BWOFLmHovIpZY7BykJdAjcqRCBi1WYBNdEC9yI7vg=="
    "resolved" "https://registry.npmjs.org/sumchecker/-/sumchecker-3.0.1.tgz"
    "version" "3.0.1"
    dependencies:
      "debug" "^4.1.0"
  
  "supports-preserve-symlinks-flag@^1.0.0":
    "integrity" "sha512-ot0WnXS9fgdkgIcePe6RHNk1WA8+muPa6cSjeR3V8K27q9BB1rTE3R1p7Hv0z1ZyAc8s6Vvv8DIyWf681MAt0w=="
    "resolved" "https://registry.npmjs.org/supports-preserve-symlinks-flag/-/supports-preserve-symlinks-flag-1.0.0.tgz"
    "version" "1.0.0"
  
  "to-readable-stream@^1.0.0":
    "integrity" "sha512-Iq25XBt6zD5npPhlLVXGFN3/gyR2/qODcKNNyTMd4vbm39HUaOiAM4PMq0eMVC/Tkxz+Zjdsc55g9yyz+Yq00Q=="
    "resolved" "https://registry.npmjs.org/to-readable-stream/-/to-readable-stream-1.0.0.tgz"
    "version" "1.0.0"
  
  "tunnel@^0.0.6":
    "integrity" "sha512-1h/Lnq9yajKY2PEbBadPXj3VxsDDu844OnaAo52UVmIzIvwwtBPIuNvkjuzBlTWpfJyUbG3ez0KSBibQkj4ojg=="
    "resolved" "https://registry.npmjs.org/tunnel/-/tunnel-0.0.6.tgz"
    "version" "0.0.6"
  
  "type-fest@^0.13.1":
    "integrity" "sha512-34R7HTnG0XIJcBSn5XhDd7nNFPRcXYRZrBB2O2jdKqYODldSzBAqzsWoZYYvduky73toYS/ESqxPvkDf/F0XMg=="
    "resolved" "https://registry.npmjs.org/type-fest/-/type-fest-0.13.1.tgz"
    "version" "0.13.1"
  
  "typescript@^4.6.4":
    "integrity" "sha512-9ia/jWHIEbo49HfjrLGfKbZSuWo9iTMwXO+Ca3pRsSpbsMbc7/IU8NKdCZVRRBafVPGnoJeFL76ZOAA84I9fEg=="
    "resolved" "https://registry.npmjs.org/typescript/-/typescript-4.6.4.tgz"
    "version" "4.6.4"
  
  "universalify@^0.1.0":
    "integrity" "sha512-rBJeI5CXAlmy1pV+617WB9J63U6XcazHHF2f2dbJix4XzpUF0RS3Zbj0FGIOCAva5P/d/GBOYaACQ1w+0azUkg=="
    "resolved" "https://registry.npmjs.org/universalify/-/universalify-0.1.2.tgz"
    "version" "0.1.2"
  
  "url-parse-lax@^3.0.0":
    "integrity" "sha512-NjFKA0DidqPa5ciFcSrXnAltTtzz84ogy+NebPvfEgAck0+TNg4UJ4IN+fB7zRZfbgUf0syOo9MDxFkDSMuFaQ=="
    "resolved" "https://registry.npmjs.org/url-parse-lax/-/url-parse-lax-3.0.0.tgz"
    "version" "3.0.0"
    dependencies:
      "prepend-http" "^2.0.0"
  
  "util@^0.10.3":
    "integrity" "sha512-0Pm9hTQ3se5ll1XihRic3FDIku70C+iHUdT/W926rSgHV5QgXsYbKZN8MSC3tJtSkhuROzvsQjAaFENRXr+19A=="
    "resolved" "https://registry.npmjs.org/util/-/util-0.10.4.tgz"
    "version" "0.10.4"
    dependencies:
      "inherits" "2.0.3"
  
  "vite@^2.9.8":
    "integrity" "sha512-zsBGwn5UT3YS0NLSJ7hnR54+vUKfgzMUh/Z9CxF1YKEBVIe213+63jrFLmZphgGI5zXwQCSmqIdbPuE8NJywPw=="
    "resolved" "https://registry.npmjs.org/vite/-/vite-2.9.8.tgz"
    "version" "2.9.8"
    dependencies:
      "esbuild" "^0.14.27"
      "postcss" "^8.4.13"
      "resolve" "^1.22.0"
      "rollup" "^2.59.0"
    optionalDependencies:
      "fsevents" "~2.3.2"
  
  "wrappy@1":
    "integrity" "sha1-tSQ9jz7BqjXxNkYFvA0QNuMKtp8="
    "resolved" "https://registry.npmjs.org/wrappy/-/wrappy-1.0.2.tgz"
    "version" "1.0.2"
  
  "yallist@^4.0.0":
    "integrity" "sha512-3wdGidZyq5PB084XLES5TpOSRA3wjXAlIWMhum2kRcv/41Sn2emQ0dycQW4uZXLejwKvg6EsvbdlVL+FYEct7A=="
    "resolved" "https://registry.npmjs.org/yallist/-/yallist-4.0.0.tgz"
    "version" "4.0.0"
  
  "yauzl@^2.10.0":
    "integrity" "sha512-p4a9I6X6nu6IhoGmBqAcbJy1mlC4j27vEPZX9F4L4/vZT3Lyq1VkFHw/V/PUcB9Buo+DG3iHkT0x3Qya58zc3g=="
    "resolved" "https://registry.npmjs.org/yauzl/-/yauzl-2.10.0.tgz"
    "version" "2.10.0"
    dependencies:
      "buffer-crc32" "~0.2.3"
      "fd-slicer" "~1.1.0"
